#
# There is insufficient memory for the Java Runtime Environment to continue.
# Native memory allocation (malloc) failed to allocate 1048576 bytes. Error detail: AllocateHeap
# Possible reasons:
#   The system is out of physical RAM or swap space
#   This process is running with CompressedOops enabled, and the Java Heap may be blocking the growth of the native heap
# Possible solutions:
#   Reduce memory load on the system
#   Increase physical memory or swap space
#   Check if swap backing store is full
#   Decrease Java heap size (-Xmx/-Xms)
#   Decrease number of Java threads
#   Decrease Java thread stack sizes (-Xss)
#   Set larger code cache with -XX:ReservedCodeCacheSize=
#   JVM is running with Unscaled Compressed Oops mode in which the Java heap is
#     placed in the first 4GB address space. The Java Heap base address is the
#     maximum limit for the native heap growth. Please use -XX:HeapBaseMinAddress
#     to set the Java Heap base and to place the Java Heap above 4GB virtual address.
# This output file may be truncated or incomplete.
#
#  Out of Memory Error (allocation.cpp:44), pid=4672, tid=30856
#
# JRE version: OpenJDK Runtime Environment Temurin-21.0.10+7 (21.0.10+7) (build 21.0.10+7-LTS)
# Java VM: OpenJDK 64-Bit Server VM Temurin-21.0.10+7 (21.0.10+7-LTS, mixed mode, sharing, tiered, compressed oops, compressed class ptrs, parallel gc, windows-amd64)
# No core dump will be written. Minidumps are not enabled by default on client versions of Windows
#

---------------  S U M M A R Y ------------

Command Line: --add-modules=ALL-SYSTEM --add-opens=java.base/java.util=ALL-UNNAMED --add-opens=java.base/java.lang=ALL-UNNAMED --add-opens=java.base/sun.nio.fs=ALL-UNNAMED -Declipse.application=org.eclipse.jdt.ls.core.id1 -Dosgi.bundles.defaultStartLevel=4 -Declipse.product=org.eclipse.jdt.ls.core.product -Djava.import.generatesMetadataFilesAtProjectRoot=false -DDetectVMInstallationsJob.disabled=true -Dfile.encoding=utf8 -XX:+UseParallelGC -XX:GCTimeRatio=4 -XX:AdaptiveSizePolicyWeight=90 -Dsun.zip.disableMemoryMapping=true -Xmx2G -Xms100m -Xlog:disable -javaagent:c:\Users\kanna\.vscode\extensions\redhat.java-1.53.0-win32-x64\lombok\lombok-1.18.39-4050.jar -XX:+HeapDumpOnOutOfMemoryError -XX:HeapDumpPath=c:\Users\kanna\AppData\Roaming\Code\User\workspaceStorage\d4b4fd424b526d350cee4dae7ca5fa8c\redhat.java -Daether.dependencyCollector.impl=bf c:\Users\kanna\.vscode\extensions\redhat.java-1.53.0-win32-x64\server\plugins\org.eclipse.equinox.launcher_1.7.100.v20251111-0406.jar -configuration c:\Users\kanna\AppData\Roaming\Code\User\globalStorage\redhat.java\1.53.0\config_win -data c:\Users\kanna\AppData\Roaming\Code\User\workspaceStorage\d4b4fd424b526d350cee4dae7ca5fa8c\redhat.java\jdt_ws --pipe=\\.\pipe\lsp-54505a68904af64ca37f135cb9988717-sock

Host: AMD Ryzen 5 7535HS with Radeon Graphics        , 12 cores, 7G,  Windows 11 , 64 bit Build 26100 (10.0.26100.7920)
Time: Thu Apr  2 13:40:08 2026 India Standard Time elapsed time: 10806.336835 seconds (0d 3h 0m 6s)

---------------  T H R E A D  ---------------

Current thread (0x00000234a15966f0):  JavaThread "Attach Listener" daemon [_thread_in_vm, id=30856, stack(0x000000e363700000,0x000000e363800000) (1024K)]

Stack: [0x000000e363700000,0x000000e363800000]
Native frames: (J=compiled Java code, j=interpreted, Vv=VM code, C=native code)
V  [jvm.dll+0x6d7a39]
V  [jvm.dll+0x8b4b26]
V  [jvm.dll+0x8b70de]
V  [jvm.dll+0x8b77c3]
V  [jvm.dll+0x284346]
V  [jvm.dll+0xc1277]
V  [jvm.dll+0x6d82e9]
V  [jvm.dll+0x1334a6]
V  [jvm.dll+0x3f857e]
V  [jvm.dll+0x85f59d]
V  [jvm.dll+0x6d626d]
C  [ucrtbase.dll+0x37b0]
C  [KERNEL32.DLL+0x2e8d7]
C  [ntdll.dll+0x8c48c]


---------------  P R O C E S S  ---------------

Threads class SMR info:
_java_thread_list=0x00000234867625e0, length=39, elements={
0x000002349f19a790, 0x00000234a149e8d0, 0x00000234a1591f20, 0x00000234a1595a90,
0x00000234a15966f0, 0x00000234a159a7c0, 0x00000234a159b350, 0x00000234a159e5a0,
0x00000234a15a0650, 0x00000234fa43ba40, 0x00000234fa4a4d80, 0x00000234846c5980,
0x00000234fa3a9340, 0x000002348454fb90, 0x0000023484550de0, 0x0000023484203c10,
0x000002348429b9b0, 0x0000023484eb2940, 0x0000023484e916f0, 0x0000023484e93130,
0x0000023484e91d80, 0x0000023484e92410, 0x0000023486c43280, 0x0000023486c42560,
0x0000023486c43fa0, 0x0000023486c41840, 0x0000023486c43910, 0x0000023486c42bf0,
0x0000023486c41ed0, 0x0000023486c44630, 0x0000023486c44cc0, 0x0000023485fd8f50,
0x0000023485fd7ba0, 0x0000023485fd88c0, 0x0000023485fd95e0, 0x0000023485fd8230,
0x000002348630d890, 0x000002348630b7c0, 0x000002348630be50
}

Java Threads: ( => current thread )
  0x000002349f19a790 JavaThread "main"                              [_thread_blocked, id=10324, stack(0x000000e363000000,0x000000e363100000) (1024K)]
  0x00000234a149e8d0 JavaThread "Reference Handler"          daemon [_thread_blocked, id=21800, stack(0x000000e363400000,0x000000e363500000) (1024K)]
  0x00000234a1591f20 JavaThread "Finalizer"                  daemon [_thread_blocked, id=34044, stack(0x000000e363500000,0x000000e363600000) (1024K)]
  0x00000234a1595a90 JavaThread "Signal Dispatcher"          daemon [_thread_blocked, id=17764, stack(0x000000e363600000,0x000000e363700000) (1024K)]
=>0x00000234a15966f0 JavaThread "Attach Listener"            daemon [_thread_in_vm, id=30856, stack(0x000000e363700000,0x000000e363800000) (1024K)]
  0x00000234a159a7c0 JavaThread "Service Thread"             daemon [_thread_blocked, id=22968, stack(0x000000e363800000,0x000000e363900000) (1024K)]
  0x00000234a159b350 JavaThread "Monitor Deflation Thread"   daemon [_thread_blocked, id=7112, stack(0x000000e363900000,0x000000e363a00000) (1024K)]
  0x00000234a159e5a0 JavaThread "C2 CompilerThread0"         daemon [_thread_blocked, id=10004, stack(0x000000e363a00000,0x000000e363b00000) (1024K)]
  0x00000234a15a0650 JavaThread "C1 CompilerThread0"         daemon [_thread_blocked, id=19220, stack(0x000000e363b00000,0x000000e363c00000) (1024K)]
  0x00000234fa43ba40 JavaThread "Common-Cleaner"             daemon [_thread_blocked, id=1488, stack(0x000000e363c00000,0x000000e363d00000) (1024K)]
  0x00000234fa4a4d80 JavaThread "Notification Thread"        daemon [_thread_blocked, id=5860, stack(0x000000e363d00000,0x000000e363e00000) (1024K)]
  0x00000234846c5980 JavaThread "Active Thread: Equinox Container: c5ebd9ff-b5bb-4b54-b975-994f73c730f7"        [_thread_blocked, id=15188, stack(0x000000e364400000,0x000000e364500000) (1024K)]
  0x00000234fa3a9340 JavaThread "Refresh Thread: Equinox Container: c5ebd9ff-b5bb-4b54-b975-994f73c730f7" daemon [_thread_blocked, id=33048, stack(0x000000e364600000,0x000000e364700000) (1024K)]
  0x000002348454fb90 JavaThread "Framework Event Dispatcher: Equinox Container: c5ebd9ff-b5bb-4b54-b975-994f73c730f7" daemon [_thread_blocked, id=30876, stack(0x000000e364700000,0x000000e364800000) (1024K)]
  0x0000023484550de0 JavaThread "Start Level: Equinox Container: c5ebd9ff-b5bb-4b54-b975-994f73c730f7" daemon [_thread_blocked, id=20076, stack(0x000000e364800000,0x000000e364900000) (1024K)]
  0x0000023484203c10 JavaThread "Bundle File Closer"         daemon [_thread_blocked, id=1452, stack(0x000000e364b00000,0x000000e364c00000) (1024K)]
  0x000002348429b9b0 JavaThread "SCR Component Actor"        daemon [_thread_blocked, id=27548, stack(0x000000e364c00000,0x000000e364d00000) (1024K)]
  0x0000023484eb2940 JavaThread "Worker-JM"                         [_thread_blocked, id=26136, stack(0x000000e364f00000,0x000000e365000000) (1024K)]
  0x0000023484e916f0 JavaThread "JNA Cleaner"                daemon [_thread_blocked, id=17036, stack(0x000000e364d00000,0x000000e364e00000) (1024K)]
  0x0000023484e93130 JavaThread "Java indexing"              daemon [_thread_blocked, id=20116, stack(0x000000e365200000,0x000000e365300000) (1024K)]
  0x0000023484e91d80 JavaThread "Thread-1"                   daemon [_thread_in_native, id=15196, stack(0x000000e365700000,0x000000e365800000) (1024K)]
  0x0000023484e92410 JavaThread "Thread-2"                   daemon [_thread_in_native, id=3032, stack(0x000000e365800000,0x000000e365900000) (1024K)]
  0x0000023486c43280 JavaThread "Thread-3"                   daemon [_thread_in_native, id=31036, stack(0x000000e365900000,0x000000e365a00000) (1024K)]
  0x0000023486c42560 JavaThread "Thread-4"                   daemon [_thread_in_native, id=31620, stack(0x000000e365a00000,0x000000e365b00000) (1024K)]
  0x0000023486c43fa0 JavaThread "Thread-5"                   daemon [_thread_in_native, id=18936, stack(0x000000e365b00000,0x000000e365c00000) (1024K)]
  0x0000023486c41840 JavaThread "Thread-6"                   daemon [_thread_in_native, id=28480, stack(0x000000e365c00000,0x000000e365d00000) (1024K)]
  0x0000023486c43910 JavaThread "Thread-7"                   daemon [_thread_in_native, id=18280, stack(0x000000e365d00000,0x000000e365e00000) (1024K)]
  0x0000023486c42bf0 JavaThread "Thread-8"                   daemon [_thread_in_native, id=17096, stack(0x000000e365e00000,0x000000e365f00000) (1024K)]
  0x0000023486c41ed0 JavaThread "Thread-9"                   daemon [_thread_in_native, id=29980, stack(0x000000e365f00000,0x000000e366000000) (1024K)]
  0x0000023486c44630 JavaThread "Thread-10"                  daemon [_thread_in_native, id=26368, stack(0x000000e366000000,0x000000e366100000) (1024K)]
  0x0000023486c44cc0 JavaThread "Thread-11"                  daemon [_thread_in_native, id=15796, stack(0x000000e366100000,0x000000e366200000) (1024K)]
  0x0000023485fd8f50 JavaThread "Thread-12"                  daemon [_thread_in_native, id=15112, stack(0x000000e366200000,0x000000e366300000) (1024K)]
  0x0000023485fd7ba0 JavaThread "Thread-13"                  daemon [_thread_in_native, id=12104, stack(0x000000e366300000,0x000000e366400000) (1024K)]
  0x0000023485fd88c0 JavaThread "pool-2-thread-1"                   [_thread_blocked, id=14516, stack(0x000000e366400000,0x000000e366500000) (1024K)]
  0x0000023485fd95e0 JavaThread "WorkspaceEventsHandler"            [_thread_blocked, id=10988, stack(0x000000e366500000,0x000000e366600000) (1024K)]
  0x0000023485fd8230 JavaThread "pool-1-thread-1"                   [_thread_blocked, id=6364, stack(0x000000e366600000,0x000000e366700000) (1024K)]
  0x000002348630d890 JavaThread "Cleaner-0"                  daemon [_thread_blocked, id=10284, stack(0x000000e364e00000,0x000000e364f00000) (1024K)]
  0x000002348630b7c0 JavaThread "Worker-16"                         [_thread_blocked, id=11028, stack(0x000000e362d00000,0x000000e362e00000) (1024K)]
  0x000002348630be50 JavaThread "Worker-20"                         [_thread_blocked, id=37220, stack(0x000000e365100000,0x000000e365200000) (1024K)]
Total: 39

Other Threads:
  0x00000234a158ebe0 VMThread "VM Thread"                           [id=20176, stack(0x000000e363300000,0x000000e363400000) (1024K)]
  0x00000234a137ba00 WatcherThread "VM Periodic Task Thread"        [id=1172, stack(0x000000e363200000,0x000000e363300000) (1024K)]
  0x00000234a150bab0 WorkerThread "GC Thread#0"                     [id=34756, stack(0x000000e363100000,0x000000e363200000) (1024K)]
  0x00000234840abe40 WorkerThread "GC Thread#1"                     [id=18092, stack(0x000000e363e00000,0x000000e363f00000) (1024K)]
  0x00000234842fce00 WorkerThread "GC Thread#2"                     [id=17472, stack(0x000000e363f00000,0x000000e364000000) (1024K)]
  0x00000234842fd1b0 WorkerThread "GC Thread#3"                     [id=9048, stack(0x000000e364000000,0x000000e364100000) (1024K)]
  0x00000234842fd560 WorkerThread "GC Thread#4"                     [id=16924, stack(0x000000e364100000,0x000000e364200000) (1024K)]
  0x00000234842fd910 WorkerThread "GC Thread#5"                     [id=11756, stack(0x000000e364200000,0x000000e364300000) (1024K)]
  0x00000234842fdcc0 WorkerThread "GC Thread#6"                     [id=27792, stack(0x000000e364300000,0x000000e364400000) (1024K)]
  0x00000234844bf380 WorkerThread "GC Thread#7"                     [id=33896, stack(0x000000e364500000,0x000000e364600000) (1024K)]
  0x0000023484060000 WorkerThread "GC Thread#8"                     [id=14788, stack(0x000000e364900000,0x000000e364a00000) (1024K)]
  0x00000234840603b0 WorkerThread "GC Thread#9"                     [id=3136, stack(0x000000e364a00000,0x000000e364b00000) (1024K)]
Total: 12

Threads with active compile tasks:
Total: 0

VM state: not at safepoint (normal execution)

VM Mutex/Monitor currently owned by a thread: None

Heap address: 0x0000000080000000, size: 2048 MB, Compressed Oops mode: 32-bit

CDS archive(s) mapped at: [0x00000234b8000000-0x00000234b8ba0000-0x00000234b8ba0000), size 12189696, SharedBaseAddress: 0x00000234b8000000, ArchiveRelocationMode: 1.
Compressed class space mapped at: 0x00000234b9000000-0x00000234f9000000, reserved size: 1073741824
Narrow klass base: 0x00000234b8000000, Narrow klass shift: 0, Narrow klass range: 0x100000000

GC Precious Log:
 CardTable entry size: 512
 CPUs: 12 total, 12 available
 Memory: 7381M
 Large Page Support: Disabled
 NUMA Support: Disabled
 Compressed Oops: Enabled (32-bit)
 Alignments: Space 512K, Generation 512K, Heap 2M
 Heap Min Capacity: 100M
 Heap Initial Capacity: 100M
 Heap Max Capacity: 2G
 Pre-touch: Disabled
 Parallel Workers: 10

Heap:
 PSYoungGen      total 6144K, used 4423K [0x00000000d5580000, 0x00000000d5c80000, 0x0000000100000000)
  eden space 5120K, 76% used [0x00000000d5580000,0x00000000d5951d70,0x00000000d5a80000)
  from space 1024K, 50% used [0x00000000d5b80000,0x00000000d5c00000,0x00000000d5c80000)
  to   space 1024K, 0% used [0x00000000d5a80000,0x00000000d5a80000,0x00000000d5b80000)
 ParOldGen       total 496640K, used 426385K [0x0000000080000000, 0x000000009e500000, 0x00000000d5580000)
  object space 496640K, 85% used [0x0000000080000000,0x000000009a0647b0,0x000000009e500000)
 Metaspace       used 78101K, committed 79616K, reserved 1179648K
  class space    used 7847K, committed 8512K, reserved 1048576K

Card table byte_map: [0x00000234a0e90000,0x00000234a12a0000] _byte_map_base: 0x00000234a0a90000

Marking Bits: (ParMarkBitMap*) 0x00007ffccad63450
 Begin Bits: [0x00000234b39a0000, 0x00000234b59a0000)
 End Bits:   [0x00000234b59a0000, 0x00000234b79a0000)

Polling page: 0x000002349f330000

Metaspace:

Usage:
  Non-class:     68.61 MB used.
      Class:      7.66 MB used.
       Both:     76.27 MB used.

Virtual space:
  Non-class space:      128.00 MB reserved,      69.44 MB ( 54%) committed,  2 nodes.
      Class space:        1.00 GB reserved,       8.31 MB ( <1%) committed,  1 nodes.
             Both:        1.12 GB reserved,      77.75 MB (  7%) committed. 

Chunk freelists:
   Non-Class:  10.62 MB
       Class:  7.59 MB
        Both:  18.21 MB

MaxMetaspaceSize: unlimited
CompressedClassSpaceSize: 1.00 GB
Initial GC threshold: 21.00 MB
Current GC threshold: 124.94 MB
CDS: on
 - commit_granule_bytes: 65536.
 - commit_granule_words: 8192.
 - virtual_space_node_default_size: 8388608.
 - enlarge_chunks_in_place: 1.
 - use_allocation_guard: 0.


Internal statistics:

num_allocs_failed_limit: 11.
num_arena_births: 1634.
num_arena_deaths: 422.
num_vsnodes_births: 3.
num_vsnodes_deaths: 0.
num_space_committed: 1246.
num_space_uncommitted: 2.
num_chunks_returned_to_freelist: 533.
num_chunks_taken_from_freelist: 5665.
num_chunk_merges: 149.
num_chunk_splits: 3269.
num_chunks_enlarged: 1810.
num_inconsistent_stats: 0.

CodeHeap 'non-profiled nmethods': size=120000Kb used=16394Kb max_used=16394Kb free=103605Kb
 bounds [0x00000234ac1c0000, 0x00000234ad1d0000, 0x00000234b36f0000]
CodeHeap 'profiled nmethods': size=120000Kb used=41060Kb max_used=41060Kb free=78939Kb
 bounds [0x00000234a46f0000, 0x00000234a6f10000, 0x00000234abc20000]
CodeHeap 'non-nmethods': size=5760Kb used=1482Kb max_used=1574Kb free=4277Kb
 bounds [0x00000234abc20000, 0x00000234abe90000, 0x00000234ac1c0000]
CodeCache: size=245760Kb, used=58936Kb, max_used=59028Kb, free=186821Kb
 total_blobs=17775, nmethods=16982, adapters=697, full_count=0
Compilation: enabled, stopped_count=0, restarted_count=0

Compilation events (20 events):
Event: 10307.166 Thread 0x00000234a159e5a0 18763       4       java.lang.Enum::valueOf (73 bytes)
Event: 10307.180 Thread 0x00000234a159e5a0 nmethod 18763 0x00000234ad1c1910 code [0x00000234ad1c1b20, 0x00000234ad1c2158]
Event: 10307.180 Thread 0x00000234a159e5a0 18764       4       java.util.ArrayList::set (24 bytes)
Event: 10307.202 Thread 0x00000234a159e5a0 nmethod 18764 0x00000234ad1c2710 code [0x00000234ad1c28a0, 0x00000234ad1c2a28]
Event: 10377.361 Thread 0x00000234a15a0650 18765       3       jdk.internal.logger.DefaultLoggerFinder::isSystem (18 bytes)
Event: 10377.383 Thread 0x00000234a15a0650 nmethod 18765 0x00000234a6f05690 code [0x00000234a6f058e0, 0x00000234a6f061f0]
Event: 10377.383 Thread 0x00000234a15a0650 18766       3       jdk.internal.logger.DefaultLoggerFinder$1::<init> (10 bytes)
Event: 10377.383 Thread 0x00000234a15a0650 nmethod 18766 0x00000234a6f06590 code [0x00000234a6f06740, 0x00000234a6f068c8]
Event: 10377.383 Thread 0x00000234a15a0650 18767       3       jdk.internal.logger.DefaultLoggerFinder$1::run (5 bytes)
Event: 10377.385 Thread 0x00000234a15a0650 nmethod 18767 0x00000234a6f06990 code [0x00000234a6f06ba0, 0x00000234a6f07220]
Event: 10407.367 Thread 0x00000234a15a0650 18768       3       java.util.logging.Logger::getLogger (8 bytes)
Event: 10407.368 Thread 0x00000234a15a0650 nmethod 18768 0x00000234a6f07490 code [0x00000234a6f07660, 0x00000234a6f07820]
Event: 10407.368 Thread 0x00000234a15a0650 18769       3       java.util.logging.Logger::getLogger (7 bytes)
Event: 10407.369 Thread 0x00000234a15a0650 nmethod 18769 0x00000234a6f07910 code [0x00000234a6f07ac0, 0x00000234a6f07be8]
Event: 10407.369 Thread 0x00000234a15a0650 18770       3       java.util.logging.Logger::demandLogger (36 bytes)
Event: 10407.373 Thread 0x00000234a15a0650 nmethod 18770 0x00000234a6f07c90 code [0x00000234a6f07f20, 0x00000234a6f089d0]
Event: 10557.416 Thread 0x00000234a15a0650 18771       3       java.util.logging.LogManager::demandLogger (53 bytes)
Event: 10557.426 Thread 0x00000234a15a0650 nmethod 18771 0x00000234a6f08e10 code [0x00000234a6f09040, 0x00000234a6f09698]
Event: 10557.426 Thread 0x00000234a15a0650 18772       3       java.util.logging.LogManager::getLogger (9 bytes)
Event: 10557.426 Thread 0x00000234a15a0650 nmethod 18772 0x00000234a6f09910 code [0x00000234a6f09ac0, 0x00000234a6f09cd0]

GC Heap History (20 events):
Event: 10007.690 GC heap before
{Heap before GC invocations=709 (full 4):
 PSYoungGen      total 4096K, used 3311K [0x00000000d5580000, 0x00000000d5c00000, 0x0000000100000000)
  eden space 2048K, 81% used [0x00000000d5580000,0x00000000d5723c68,0x00000000d5780000)
  from space 2048K, 79% used [0x00000000d5a00000,0x00000000d5b98000,0x00000000d5c00000)
  to   space 2048K, 0% used [0x00000000d5800000,0x00000000d5800000,0x00000000d5a00000)
 ParOldGen       total 496640K, used 386481K [0x0000000080000000, 0x000000009e500000, 0x00000000d5580000)
  object space 496640K, 77% used [0x0000000080000000,0x000000009796c728,0x000000009e500000)
 Metaspace       used 78037K, committed 79552K, reserved 1179648K
  class space    used 7846K, committed 8512K, reserved 1048576K
}
Event: 10007.699 GC heap after
{Heap after GC invocations=709 (full 4):
 PSYoungGen      total 4608K, used 1664K [0x00000000d5580000, 0x00000000d5c00000, 0x0000000100000000)
  eden space 2560K, 0% used [0x00000000d5580000,0x00000000d5580000,0x00000000d5800000)
  from space 2048K, 81% used [0x00000000d5800000,0x00000000d59a0000,0x00000000d5a00000)
  to   space 2048K, 0% used [0x00000000d5a00000,0x00000000d5a00000,0x00000000d5c00000)
 ParOldGen       total 496640K, used 387993K [0x0000000080000000, 0x000000009e500000, 0x00000000d5580000)
  object space 496640K, 78% used [0x0000000080000000,0x0000000097ae6728,0x000000009e500000)
 Metaspace       used 78037K, committed 79552K, reserved 1179648K
  class space    used 7846K, committed 8512K, reserved 1048576K
}
Event: 10007.725 GC heap before
{Heap before GC invocations=710 (full 4):
 PSYoungGen      total 4608K, used 4224K [0x00000000d5580000, 0x00000000d5c00000, 0x0000000100000000)
  eden space 2560K, 100% used [0x00000000d5580000,0x00000000d5800000,0x00000000d5800000)
  from space 2048K, 81% used [0x00000000d5800000,0x00000000d59a0000,0x00000000d5a00000)
  to   space 2048K, 0% used [0x00000000d5a00000,0x00000000d5a00000,0x00000000d5c00000)
 ParOldGen       total 496640K, used 387993K [0x0000000080000000, 0x000000009e500000, 0x00000000d5580000)
  object space 496640K, 78% used [0x0000000080000000,0x0000000097ae6728,0x000000009e500000)
 Metaspace       used 78037K, committed 79552K, reserved 1179648K
  class space    used 7846K, committed 8512K, reserved 1048576K
}
Event: 10007.735 GC heap after
{Heap after GC invocations=710 (full 4):
 PSYoungGen      total 4608K, used 1408K [0x00000000d5580000, 0x00000000d5b80000, 0x0000000100000000)
  eden space 3072K, 0% used [0x00000000d5580000,0x00000000d5580000,0x00000000d5880000)
  from space 1536K, 91% used [0x00000000d5a00000,0x00000000d5b60020,0x00000000d5b80000)
  to   space 1536K, 0% used [0x00000000d5880000,0x00000000d5880000,0x00000000d5a00000)
 ParOldGen       total 496640K, used 389569K [0x0000000080000000, 0x000000009e500000, 0x00000000d5580000)
  object space 496640K, 78% used [0x0000000080000000,0x0000000097c70728,0x000000009e500000)
 Metaspace       used 78037K, committed 79552K, reserved 1179648K
  class space    used 7846K, committed 8512K, reserved 1048576K
}
Event: 10007.789 GC heap before
{Heap before GC invocations=711 (full 4):
 PSYoungGen      total 4608K, used 4480K [0x00000000d5580000, 0x00000000d5b80000, 0x0000000100000000)
  eden space 3072K, 100% used [0x00000000d5580000,0x00000000d5880000,0x00000000d5880000)
  from space 1536K, 91% used [0x00000000d5a00000,0x00000000d5b60020,0x00000000d5b80000)
  to   space 1536K, 0% used [0x00000000d5880000,0x00000000d5880000,0x00000000d5a00000)
 ParOldGen       total 496640K, used 389569K [0x0000000080000000, 0x000000009e500000, 0x00000000d5580000)
  object space 496640K, 78% used [0x0000000080000000,0x0000000097c70728,0x000000009e500000)
 Metaspace       used 78038K, committed 79552K, reserved 1179648K
  class space    used 7846K, committed 8512K, reserved 1048576K
}
Event: 10007.806 GC heap after
{Heap after GC invocations=711 (full 4):
 PSYoungGen      total 4608K, used 640K [0x00000000d5580000, 0x00000000d5b80000, 0x0000000100000000)
  eden space 3072K, 0% used [0x00000000d5580000,0x00000000d5580000,0x00000000d5880000)
  from space 1536K, 41% used [0x00000000d5880000,0x00000000d5920000,0x00000000d5a00000)
  to   space 1024K, 0% used [0x00000000d5a80000,0x00000000d5a80000,0x00000000d5b80000)
 ParOldGen       total 496640K, used 392625K [0x0000000080000000, 0x000000009e500000, 0x00000000d5580000)
  object space 496640K, 79% used [0x0000000080000000,0x0000000097f6c748,0x000000009e500000)
 Metaspace       used 78038K, committed 79552K, reserved 1179648K
  class space    used 7846K, committed 8512K, reserved 1048576K
}
Event: 10008.057 GC heap before
{Heap before GC invocations=712 (full 4):
 PSYoungGen      total 4608K, used 3711K [0x00000000d5580000, 0x00000000d5b80000, 0x0000000100000000)
  eden space 3072K, 99% used [0x00000000d5580000,0x00000000d587ff78,0x00000000d5880000)
  from space 1536K, 41% used [0x00000000d5880000,0x00000000d5920000,0x00000000d5a00000)
  to   space 1024K, 0% used [0x00000000d5a80000,0x00000000d5a80000,0x00000000d5b80000)
 ParOldGen       total 496640K, used 392625K [0x0000000080000000, 0x000000009e500000, 0x00000000d5580000)
  object space 496640K, 79% used [0x0000000080000000,0x0000000097f6c748,0x000000009e500000)
 Metaspace       used 78045K, committed 79552K, reserved 1179648K
  class space    used 7846K, committed 8512K, reserved 1048576K
}
Event: 10008.063 GC heap after
{Heap after GC invocations=712 (full 4):
 PSYoungGen      total 5120K, used 736K [0x00000000d5580000, 0x00000000d5b80000, 0x0000000100000000)
  eden space 4096K, 0% used [0x00000000d5580000,0x00000000d5580000,0x00000000d5980000)
  from space 1024K, 71% used [0x00000000d5a80000,0x00000000d5b38000,0x00000000d5b80000)
  to   space 1024K, 0% used [0x00000000d5980000,0x00000000d5980000,0x00000000d5a80000)
 ParOldGen       total 496640K, used 393161K [0x0000000080000000, 0x000000009e500000, 0x00000000d5580000)
  object space 496640K, 79% used [0x0000000080000000,0x0000000097ff2748,0x000000009e500000)
 Metaspace       used 78045K, committed 79552K, reserved 1179648K
  class space    used 7846K, committed 8512K, reserved 1048576K
}
Event: 10008.810 GC heap before
{Heap before GC invocations=713 (full 4):
 PSYoungGen      total 5120K, used 4831K [0x00000000d5580000, 0x00000000d5b80000, 0x0000000100000000)
  eden space 4096K, 99% used [0x00000000d5580000,0x00000000d597fff8,0x00000000d5980000)
  from space 1024K, 71% used [0x00000000d5a80000,0x00000000d5b38000,0x00000000d5b80000)
  to   space 1024K, 0% used [0x00000000d5980000,0x00000000d5980000,0x00000000d5a80000)
 ParOldGen       total 496640K, used 423881K [0x0000000080000000, 0x000000009e500000, 0x00000000d5580000)
  object space 496640K, 85% used [0x0000000080000000,0x0000000099df2778,0x000000009e500000)
 Metaspace       used 78075K, committed 79616K, reserved 1179648K
  class space    used 7846K, committed 8512K, reserved 1048576K
}
Event: 10008.815 GC heap after
{Heap after GC invocations=713 (full 4):
 PSYoungGen      total 5120K, used 666K [0x00000000d5580000, 0x00000000d5b80000, 0x0000000100000000)
  eden space 4096K, 0% used [0x00000000d5580000,0x00000000d5580000,0x00000000d5980000)
  from space 1024K, 65% used [0x00000000d5980000,0x00000000d5a26900,0x00000000d5a80000)
  to   space 1024K, 0% used [0x00000000d5a80000,0x00000000d5a80000,0x00000000d5b80000)
 ParOldGen       total 496640K, used 424524K [0x0000000080000000, 0x000000009e500000, 0x00000000d5580000)
  object space 496640K, 85% used [0x0000000080000000,0x0000000099e93290,0x000000009e500000)
 Metaspace       used 78075K, committed 79616K, reserved 1179648K
  class space    used 7846K, committed 8512K, reserved 1048576K
}
Event: 10008.826 GC heap before
{Heap before GC invocations=714 (full 4):
 PSYoungGen      total 5120K, used 4762K [0x00000000d5580000, 0x00000000d5b80000, 0x0000000100000000)
  eden space 4096K, 99% used [0x00000000d5580000,0x00000000d597fff8,0x00000000d5980000)
  from space 1024K, 65% used [0x00000000d5980000,0x00000000d5a26900,0x00000000d5a80000)
  to   space 1024K, 0% used [0x00000000d5a80000,0x00000000d5a80000,0x00000000d5b80000)
 ParOldGen       total 496640K, used 424524K [0x0000000080000000, 0x000000009e500000, 0x00000000d5580000)
  object space 496640K, 85% used [0x0000000080000000,0x0000000099e93290,0x000000009e500000)
 Metaspace       used 78075K, committed 79616K, reserved 1179648K
  class space    used 7846K, committed 8512K, reserved 1048576K
}
Event: 10008.829 GC heap after
{Heap after GC invocations=714 (full 4):
 PSYoungGen      total 4608K, used 352K [0x00000000d5580000, 0x00000000d5b00000, 0x0000000100000000)
  eden space 4096K, 0% used [0x00000000d5580000,0x00000000d5580000,0x00000000d5980000)
  from space 512K, 68% used [0x00000000d5a80000,0x00000000d5ad8000,0x00000000d5b00000)
  to   space 512K, 0% used [0x00000000d5a00000,0x00000000d5a00000,0x00000000d5a80000)
 ParOldGen       total 496640K, used 425017K [0x0000000080000000, 0x000000009e500000, 0x00000000d5580000)
  object space 496640K, 85% used [0x0000000080000000,0x0000000099f0e528,0x000000009e500000)
 Metaspace       used 78075K, committed 79616K, reserved 1179648K
  class space    used 7846K, committed 8512K, reserved 1048576K
}
Event: 10008.837 GC heap before
{Heap before GC invocations=715 (full 4):
 PSYoungGen      total 4608K, used 4448K [0x00000000d5580000, 0x00000000d5b00000, 0x0000000100000000)
  eden space 4096K, 100% used [0x00000000d5580000,0x00000000d5980000,0x00000000d5980000)
  from space 512K, 68% used [0x00000000d5a80000,0x00000000d5ad8000,0x00000000d5b00000)
  to   space 512K, 0% used [0x00000000d5a00000,0x00000000d5a00000,0x00000000d5a80000)
 ParOldGen       total 496640K, used 425017K [0x0000000080000000, 0x000000009e500000, 0x00000000d5580000)
  object space 496640K, 85% used [0x0000000080000000,0x0000000099f0e528,0x000000009e500000)
 Metaspace       used 78076K, committed 79616K, reserved 1179648K
  class space    used 7846K, committed 8512K, reserved 1048576K
}
Event: 10008.840 GC heap after
{Heap after GC invocations=715 (full 4):
 PSYoungGen      total 4608K, used 416K [0x00000000d5580000, 0x00000000d5b00000, 0x0000000100000000)
  eden space 4096K, 0% used [0x00000000d5580000,0x00000000d5580000,0x00000000d5980000)
  from space 512K, 81% used [0x00000000d5a00000,0x00000000d5a68000,0x00000000d5a80000)
  to   space 512K, 0% used [0x00000000d5a80000,0x00000000d5a80000,0x00000000d5b00000)
 ParOldGen       total 496640K, used 425265K [0x0000000080000000, 0x000000009e500000, 0x00000000d5580000)
  object space 496640K, 85% used [0x0000000080000000,0x0000000099f4c528,0x000000009e500000)
 Metaspace       used 78076K, committed 79616K, reserved 1179648K
  class space    used 7846K, committed 8512K, reserved 1048576K
}
Event: 10008.850 GC heap before
{Heap before GC invocations=716 (full 4):
 PSYoungGen      total 4608K, used 4512K [0x00000000d5580000, 0x00000000d5b00000, 0x0000000100000000)
  eden space 4096K, 100% used [0x00000000d5580000,0x00000000d5980000,0x00000000d5980000)
  from space 512K, 81% used [0x00000000d5a00000,0x00000000d5a68000,0x00000000d5a80000)
  to   space 512K, 0% used [0x00000000d5a80000,0x00000000d5a80000,0x00000000d5b00000)
 ParOldGen       total 496640K, used 425265K [0x0000000080000000, 0x000000009e500000, 0x00000000d5580000)
  object space 496640K, 85% used [0x0000000080000000,0x0000000099f4c528,0x000000009e500000)
 Metaspace       used 78076K, committed 79616K, reserved 1179648K
  class space    used 7846K, committed 8512K, reserved 1048576K
}
Event: 10008.853 GC heap after
{Heap after GC invocations=716 (full 4):
 PSYoungGen      total 4608K, used 484K [0x00000000d5580000, 0x00000000d5b80000, 0x0000000100000000)
  eden space 4096K, 0% used [0x00000000d5580000,0x00000000d5580000,0x00000000d5980000)
  from space 512K, 94% used [0x00000000d5a80000,0x00000000d5af9210,0x00000000d5b00000)
  to   space 1024K, 0% used [0x00000000d5980000,0x00000000d5980000,0x00000000d5a80000)
 ParOldGen       total 496640K, used 425617K [0x0000000080000000, 0x000000009e500000, 0x00000000d5580000)
  object space 496640K, 85% used [0x0000000080000000,0x0000000099fa4528,0x000000009e500000)
 Metaspace       used 78076K, committed 79616K, reserved 1179648K
  class space    used 7846K, committed 8512K, reserved 1048576K
}
Event: 10008.860 GC heap before
{Heap before GC invocations=717 (full 4):
 PSYoungGen      total 4608K, used 4580K [0x00000000d5580000, 0x00000000d5b80000, 0x0000000100000000)
  eden space 4096K, 100% used [0x00000000d5580000,0x00000000d5980000,0x00000000d5980000)
  from space 512K, 94% used [0x00000000d5a80000,0x00000000d5af9210,0x00000000d5b00000)
  to   space 1024K, 0% used [0x00000000d5980000,0x00000000d5980000,0x00000000d5a80000)
 ParOldGen       total 496640K, used 425617K [0x0000000080000000, 0x000000009e500000, 0x00000000d5580000)
  object space 496640K, 85% used [0x0000000080000000,0x0000000099fa4528,0x000000009e500000)
 Metaspace       used 78076K, committed 79616K, reserved 1179648K
  class space    used 7846K, committed 8512K, reserved 1048576K
}
Event: 10008.863 GC heap after
{Heap after GC invocations=717 (full 4):
 PSYoungGen      total 5120K, used 352K [0x00000000d5580000, 0x00000000d5c80000, 0x0000000100000000)
  eden space 4096K, 0% used [0x00000000d5580000,0x00000000d5580000,0x00000000d5980000)
  from space 1024K, 34% used [0x00000000d5980000,0x00000000d59d8000,0x00000000d5a80000)
  to   space 1024K, 0% used [0x00000000d5b80000,0x00000000d5b80000,0x00000000d5c80000)
 ParOldGen       total 496640K, used 426161K [0x0000000080000000, 0x000000009e500000, 0x00000000d5580000)
  object space 496640K, 85% used [0x0000000080000000,0x000000009a02c7b0,0x000000009e500000)
 Metaspace       used 78076K, committed 79616K, reserved 1179648K
  class space    used 7846K, committed 8512K, reserved 1048576K
}
Event: 10008.875 GC heap before
{Heap before GC invocations=718 (full 4):
 PSYoungGen      total 5120K, used 4448K [0x00000000d5580000, 0x00000000d5c80000, 0x0000000100000000)
  eden space 4096K, 100% used [0x00000000d5580000,0x00000000d5980000,0x00000000d5980000)
  from space 1024K, 34% used [0x00000000d5980000,0x00000000d59d8000,0x00000000d5a80000)
  to   space 1024K, 0% used [0x00000000d5b80000,0x00000000d5b80000,0x00000000d5c80000)
 ParOldGen       total 496640K, used 426161K [0x0000000080000000, 0x000000009e500000, 0x00000000d5580000)
  object space 496640K, 85% used [0x0000000080000000,0x000000009a02c7b0,0x000000009e500000)
 Metaspace       used 78076K, committed 79616K, reserved 1179648K
  class space    used 7846K, committed 8512K, reserved 1048576K
}
Event: 10008.879 GC heap after
{Heap after GC invocations=718 (full 4):
 PSYoungGen      total 6144K, used 512K [0x00000000d5580000, 0x00000000d5c80000, 0x0000000100000000)
  eden space 5120K, 0% used [0x00000000d5580000,0x00000000d5580000,0x00000000d5a80000)
  from space 1024K, 50% used [0x00000000d5b80000,0x00000000d5c00000,0x00000000d5c80000)
  to   space 1024K, 0% used [0x00000000d5a80000,0x00000000d5a80000,0x00000000d5b80000)
 ParOldGen       total 496640K, used 426385K [0x0000000080000000, 0x000000009e500000, 0x00000000d5580000)
  object space 496640K, 85% used [0x0000000080000000,0x000000009a0647b0,0x000000009e500000)
 Metaspace       used 78076K, committed 79616K, reserved 1179648K
  class space    used 7846K, committed 8512K, reserved 1048576K
}

Dll operation events (10 events):
Event: 0.018 Loaded shared library c:\Users\kanna\.vscode\extensions\redhat.java-1.53.0-win32-x64\jre\21.0.10-win32-x86_64\bin\java.dll
Event: 0.122 Loaded shared library c:\Users\kanna\.vscode\extensions\redhat.java-1.53.0-win32-x64\jre\21.0.10-win32-x86_64\bin\zip.dll
Event: 0.151 Loaded shared library C:\Users\kanna\.vscode\extensions\redhat.java-1.53.0-win32-x64\jre\21.0.10-win32-x86_64\bin\instrument.dll
Event: 0.158 Loaded shared library C:\Users\kanna\.vscode\extensions\redhat.java-1.53.0-win32-x64\jre\21.0.10-win32-x86_64\bin\net.dll
Event: 0.162 Loaded shared library C:\Users\kanna\.vscode\extensions\redhat.java-1.53.0-win32-x64\jre\21.0.10-win32-x86_64\bin\nio.dll
Event: 0.168 Loaded shared library C:\Users\kanna\.vscode\extensions\redhat.java-1.53.0-win32-x64\jre\21.0.10-win32-x86_64\bin\zip.dll
Event: 0.192 Loaded shared library C:\Users\kanna\.vscode\extensions\redhat.java-1.53.0-win32-x64\jre\21.0.10-win32-x86_64\bin\jimage.dll
Event: 0.324 Loaded shared library c:\Users\kanna\.vscode\extensions\redhat.java-1.53.0-win32-x64\jre\21.0.10-win32-x86_64\bin\verify.dll
Event: 12.570 Loaded shared library C:\Users\kanna\AppData\Roaming\Code\User\globalStorage\redhat.java\1.53.0\config_win\org.eclipse.equinox.launcher\org.eclipse.equinox.launcher.win32.win32.x86_64_1.3.0.v20260203-2149\eclipse_11919.dll
Event: 22.033 Loaded shared library C:\Users\kanna\AppData\Local\Temp\jna-101815691\jna17423500742521479333.dll

Deoptimization events (20 events):
Event: 10006.864 Thread 0x0000023485fd8230 Uncommon trap: trap_request=0xffffffbe fr.pc=0x00000234ad18d7dc relative=0x00000000000007dc
Event: 10006.864 Thread 0x0000023485fd8230 Uncommon trap: reason=profile_predicate action=maybe_recompile pc=0x00000234ad18d7dc method=java.io.InputStream.read([BII)I @ 40 c2
Event: 10006.864 Thread 0x0000023485fd8230 DEOPT PACKING pc=0x00000234ad18d7dc sp=0x000000e3666fea40
Event: 10006.865 Thread 0x0000023485fd8230 DEOPT UNPACKING pc=0x00000234abc73aa2 sp=0x000000e3666fe9c0 mode 2
Event: 10006.865 Thread 0x0000023485fd8230 Uncommon trap: trap_request=0xffffffbe fr.pc=0x00000234ad0dc66c relative=0x000000000000050c
Event: 10006.865 Thread 0x0000023485fd8230 Uncommon trap: reason=profile_predicate action=maybe_recompile pc=0x00000234ad0dc66c method=java.io.InputStream.read([BII)I @ 37 c2
Event: 10006.865 Thread 0x0000023485fd8230 DEOPT PACKING pc=0x00000234ad0dc66c sp=0x000000e3666fea20
Event: 10006.865 Thread 0x0000023485fd8230 DEOPT UNPACKING pc=0x00000234abc73aa2 sp=0x000000e3666fe9d0 mode 2
Event: 10006.879 Thread 0x0000023485fd8230 Uncommon trap: trap_request=0xffffffbe fr.pc=0x00000234ad18d7dc relative=0x00000000000007dc
Event: 10006.879 Thread 0x0000023485fd8230 Uncommon trap: reason=profile_predicate action=maybe_recompile pc=0x00000234ad18d7dc method=java.io.InputStream.read([BII)I @ 40 c2
Event: 10006.879 Thread 0x0000023485fd8230 DEOPT PACKING pc=0x00000234ad18d7dc sp=0x000000e3666fea40
Event: 10006.879 Thread 0x0000023485fd8230 DEOPT UNPACKING pc=0x00000234abc73aa2 sp=0x000000e3666fe9c0 mode 2
Event: 10007.914 Thread 0x0000023484e93130 Uncommon trap: trap_request=0xffffff45 fr.pc=0x00000234acf59460 relative=0x0000000000004280
Event: 10007.915 Thread 0x0000023484e93130 Uncommon trap: reason=unstable_if action=reinterpret pc=0x00000234acf59460 method=org.eclipse.jdt.internal.core.index.DiskIndex.readStreamDocumentArray(Ljava/io/InputStream;I)[I @ 60 c2
Event: 10007.916 Thread 0x0000023484e93130 DEOPT PACKING pc=0x00000234acf59460 sp=0x000000e3652fea90
Event: 10007.916 Thread 0x0000023484e93130 DEOPT UNPACKING pc=0x00000234abc73aa2 sp=0x000000e3652fe990 mode 2
Event: 10306.755 Thread 0x000002348630b7c0 Uncommon trap: trap_request=0xffffff45 fr.pc=0x00000234ad16e0e4 relative=0x00000000000009c4
Event: 10306.756 Thread 0x000002348630b7c0 Uncommon trap: reason=unstable_if action=reinterpret pc=0x00000234ad16e0e4 method=org.eclipse.core.internal.dtree.DeltaDataTree.getData(Lorg/eclipse/core/runtime/IPath;)Ljava/lang/Object; @ 56 c2
Event: 10306.756 Thread 0x000002348630b7c0 DEOPT PACKING pc=0x00000234ad16e0e4 sp=0x000000e362dfe810
Event: 10306.757 Thread 0x000002348630b7c0 DEOPT UNPACKING pc=0x00000234abc73aa2 sp=0x000000e362dfe7c8 mode 2

Classes loaded (20 events):
Event: 6708.756 Loading class java/util/concurrent/ConcurrentHashMap$KeySpliterator
Event: 6708.757 Loading class java/util/concurrent/ConcurrentHashMap$KeySpliterator done
Event: 6710.005 Loading class java/io/CharArrayWriter
Event: 6710.006 Loading class java/io/CharArrayWriter done
Event: 6904.567 Loading class java/util/stream/Nodes$CollectorTask$OfRef
Event: 6904.575 Loading class java/util/stream/Nodes$CollectorTask
Event: 6904.584 Loading class java/util/stream/Nodes$CollectorTask done
Event: 6904.584 Loading class java/util/stream/Nodes$CollectorTask$OfRef done
Event: 6904.899 Loading class java/util/function/LongFunction
Event: 6904.902 Loading class java/util/function/LongFunction done
Event: 6904.911 Loading class java/util/stream/Nodes$ConcNode
Event: 6904.915 Loading class java/util/stream/Nodes$AbstractConcNode
Event: 6904.920 Loading class java/util/stream/Nodes$AbstractConcNode done
Event: 6904.921 Loading class java/util/stream/Nodes$ConcNode done
Event: 6905.834 Loading class java/nio/file/Path$1
Event: 6905.837 Loading class java/nio/file/Path$1 done
Event: 8269.946 Loading class jdk/internal/module/IllegalAccessLogger
Event: 8269.952 Loading class jdk/internal/module/IllegalAccessLogger done
Event: 10007.662 Loading class jdk/internal/module/IllegalAccessLogger
Event: 10007.665 Loading class jdk/internal/module/IllegalAccessLogger done

Classes unloaded (20 events):
Event: 6703.233 Thread 0x00000234a158ebe0 Unloading class 0x00000234b9016400 'java/lang/invoke/LambdaForm$MH+0x00000234b9016400'
Event: 6703.233 Thread 0x00000234a158ebe0 Unloading class 0x00000234b9014800 'java/lang/invoke/LambdaForm$MH+0x00000234b9014800'
Event: 6703.234 Thread 0x00000234a158ebe0 Unloading class 0x00000234b900d800 'java/lang/invoke/LambdaForm$MH+0x00000234b900d800'
Event: 6703.236 Thread 0x00000234a158ebe0 Unloading class 0x00000234b900d400 'java/lang/invoke/LambdaForm$MH+0x00000234b900d400'
Event: 6703.236 Thread 0x00000234a158ebe0 Unloading class 0x00000234b900d000 'java/lang/invoke/LambdaForm$MH+0x00000234b900d000'
Event: 6703.236 Thread 0x00000234a158ebe0 Unloading class 0x00000234b900cc00 'java/lang/invoke/LambdaForm$MH+0x00000234b900cc00'
Event: 6703.236 Thread 0x00000234a158ebe0 Unloading class 0x00000234b900c800 'java/lang/invoke/LambdaForm$BMH+0x00000234b900c800'
Event: 6703.236 Thread 0x00000234a158ebe0 Unloading class 0x00000234b900c000 'java/lang/invoke/LambdaForm$DMH+0x00000234b900c000'
Event: 6703.236 Thread 0x00000234a158ebe0 Unloading class 0x00000234b9008c00 'java/lang/invoke/LambdaForm$MH+0x00000234b9008c00'
Event: 6703.236 Thread 0x00000234a158ebe0 Unloading class 0x00000234b9008800 'java/lang/invoke/LambdaForm$MH+0x00000234b9008800'
Event: 6703.236 Thread 0x00000234a158ebe0 Unloading class 0x00000234b9008400 'java/lang/invoke/LambdaForm$MH+0x00000234b9008400'
Event: 6703.236 Thread 0x00000234a158ebe0 Unloading class 0x00000234b9007000 'java/lang/invoke/LambdaForm$MH+0x00000234b9007000'
Event: 6703.236 Thread 0x00000234a158ebe0 Unloading class 0x00000234b9006800 'java/lang/invoke/LambdaForm$MH+0x00000234b9006800'
Event: 6703.236 Thread 0x00000234a158ebe0 Unloading class 0x00000234b9006400 'java/lang/invoke/LambdaForm$MH+0x00000234b9006400'
Event: 6703.236 Thread 0x00000234a158ebe0 Unloading class 0x00000234b9006000 'java/lang/invoke/LambdaForm$MH+0x00000234b9006000'
Event: 6703.236 Thread 0x00000234a158ebe0 Unloading class 0x00000234b9005c00 'java/lang/invoke/LambdaForm$BMH+0x00000234b9005c00'
Event: 6703.236 Thread 0x00000234a158ebe0 Unloading class 0x00000234b9004800 'java/lang/invoke/LambdaForm$DMH+0x00000234b9004800'
Event: 6703.236 Thread 0x00000234a158ebe0 Unloading class 0x00000234b9002400 'java/lang/invoke/LambdaForm$MH+0x00000234b9002400'
Event: 6703.236 Thread 0x00000234a158ebe0 Unloading class 0x00000234b9002000 'java/lang/invoke/LambdaForm$MH+0x00000234b9002000'
Event: 6703.236 Thread 0x00000234a158ebe0 Unloading class 0x00000234b9001800 'java/lang/invoke/LambdaForm$MH+0x00000234b9001800'

Classes redefined (0 events):
No events

Internal exceptions (20 events):
Event: 6905.311 Thread 0x0000023484e909d0 Implicit null exception at 0x00000234ac76fcba to 0x00000234ac76fcf4
Event: 6905.311 Thread 0x0000023484e909d0 Exception <a 'java/lang/NoSuchMethodError'{0x00000000d5b93770}: static [J.<clinit>()V> (0x00000000d5b93770) 
thrown [s\src\hotspot\share\prims\jni.cpp, line 1111]
Event: 6905.832 Thread 0x0000023485fda990 Exception <a 'sun/nio/fs/WindowsException'{0x00000000d558cb40}> (0x00000000d558cb40) 
thrown [s\src\hotspot\share\prims\jni.cpp, line 520]
Event: 6905.833 Thread 0x0000023485fda990 Exception <a 'sun/nio/fs/WindowsException'{0x00000000d558d518}> (0x00000000d558d518) 
thrown [s\src\hotspot\share\prims\jni.cpp, line 520]
Event: 7206.444 Thread 0x00000234877636b0 Exception <a 'sun/nio/fs/WindowsException'{0x00000000d593dfb8}> (0x00000000d593dfb8) 
thrown [s\src\hotspot\share\prims\jni.cpp, line 520]
Event: 7206.450 Thread 0x00000234877636b0 Exception <a 'sun/nio/fs/WindowsException'{0x00000000d593e988}> (0x00000000d593e988) 
thrown [s\src\hotspot\share\prims\jni.cpp, line 520]
Event: 8268.516 Thread 0x000002348630f960 Exception <a 'sun/nio/fs/WindowsException'{0x00000000d57324c8}> (0x00000000d57324c8) 
thrown [s\src\hotspot\share\prims\jni.cpp, line 520]
Event: 8268.518 Thread 0x000002348630f960 Exception <a 'sun/nio/fs/WindowsException'{0x00000000d57916f8}> (0x00000000d57916f8) 
thrown [s\src\hotspot\share\prims\jni.cpp, line 520]
Event: 8269.007 Thread 0x000002348630f960 Exception <a 'sun/nio/fs/WindowsException'{0x00000000d58f0d88}> (0x00000000d58f0d88) 
thrown [s\src\hotspot\share\prims\jni.cpp, line 520]
Event: 8269.007 Thread 0x000002348630f960 Exception <a 'sun/nio/fs/WindowsException'{0x00000000d58f1738}> (0x00000000d58f1738) 
thrown [s\src\hotspot\share\prims\jni.cpp, line 520]
Event: 8269.266 Thread 0x0000023484e93130 Exception <a 'sun/nio/fs/WindowsException'{0x00000000d56d2578}> (0x00000000d56d2578) 
thrown [s\src\hotspot\share\prims\jni.cpp, line 520]
Event: 8568.712 Thread 0x000002348630f960 Exception <a 'sun/nio/fs/WindowsException'{0x00000000d55e3840}> (0x00000000d55e3840) 
thrown [s\src\hotspot\share\prims\jni.cpp, line 520]
Event: 8568.717 Thread 0x000002348630f960 Exception <a 'sun/nio/fs/WindowsException'{0x00000000d55e41f0}> (0x00000000d55e41f0) 
thrown [s\src\hotspot\share\prims\jni.cpp, line 520]
Event: 8869.859 Thread 0x000002348630b7c0 Exception <a 'sun/nio/fs/WindowsException'{0x00000000d5958b30}> (0x00000000d5958b30) 
thrown [s\src\hotspot\share\prims\jni.cpp, line 520]
Event: 8869.862 Thread 0x000002348630b7c0 Exception <a 'sun/nio/fs/WindowsException'{0x00000000d5959770}> (0x00000000d5959770) 
thrown [s\src\hotspot\share\prims\jni.cpp, line 520]
Event: 10006.513 Thread 0x0000023484e93130 Exception <a 'sun/nio/fs/WindowsException'{0x00000000d56bf510}> (0x00000000d56bf510) 
thrown [s\src\hotspot\share\prims\jni.cpp, line 520]
Event: 10007.887 Thread 0x0000023484e93130 Exception <a 'sun/nio/fs/WindowsException'{0x00000000d55f6dd0}> (0x00000000d55f6dd0) 
thrown [s\src\hotspot\share\prims\jni.cpp, line 520]
Event: 10306.623 Thread 0x000002348630b7c0 Exception <a 'sun/nio/fs/WindowsException'{0x00000000d56cd680}> (0x00000000d56cd680) 
thrown [s\src\hotspot\share\prims\jni.cpp, line 520]
Event: 10306.625 Thread 0x000002348630b7c0 Exception <a 'sun/nio/fs/WindowsException'{0x00000000d56ce030}> (0x00000000d56ce030) 
thrown [s\src\hotspot\share\prims\jni.cpp, line 520]
Event: 10306.755 Thread 0x000002348630b7c0 Implicit null exception at 0x00000234ad16d9ae to 0x00000234ad16e0c4

ZGC Phase Switch (0 events):
No events

VM Operations (20 events):
Event: 10424.644 Executing non-safepoint VM operation: HandshakeAllThreads (HandshakeForDeflation)
Event: 10424.645 Executing non-safepoint VM operation: HandshakeAllThreads (HandshakeForDeflation) done
Event: 10424.645 Executing non-safepoint VM operation: RendezvousGCThreads
Event: 10424.645 Executing non-safepoint VM operation: RendezvousGCThreads done
Event: 10484.831 Executing non-safepoint VM operation: HandshakeAllThreads (HandshakeForDeflation)
Event: 10484.833 Executing non-safepoint VM operation: HandshakeAllThreads (HandshakeForDeflation) done
Event: 10484.833 Executing non-safepoint VM operation: RendezvousGCThreads
Event: 10484.833 Executing non-safepoint VM operation: RendezvousGCThreads done
Event: 10665.194 Executing non-safepoint VM operation: HandshakeAllThreads (HandshakeForDeflation)
Event: 10665.196 Executing non-safepoint VM operation: HandshakeAllThreads (HandshakeForDeflation) done
Event: 10665.196 Executing non-safepoint VM operation: RendezvousGCThreads
Event: 10665.196 Executing non-safepoint VM operation: RendezvousGCThreads done
Event: 10725.383 Executing non-safepoint VM operation: HandshakeAllThreads (HandshakeForDeflation)
Event: 10725.385 Executing non-safepoint VM operation: HandshakeAllThreads (HandshakeForDeflation) done
Event: 10725.385 Executing non-safepoint VM operation: RendezvousGCThreads
Event: 10725.385 Executing non-safepoint VM operation: RendezvousGCThreads done
Event: 10785.468 Executing non-safepoint VM operation: HandshakeAllThreads (HandshakeForDeflation)
Event: 10785.471 Executing non-safepoint VM operation: HandshakeAllThreads (HandshakeForDeflation) done
Event: 10785.471 Executing non-safepoint VM operation: RendezvousGCThreads
Event: 10785.471 Executing non-safepoint VM operation: RendezvousGCThreads done

Memory protections (0 events):
No events

Nmethod flushes (20 events):
Event: 6703.724 Thread 0x00000234a158ebe0 flushing  nmethod 0x00000234a55fa090
Event: 6703.724 Thread 0x00000234a158ebe0 flushing  nmethod 0x00000234a5641c10
Event: 6703.724 Thread 0x00000234a158ebe0 flushing  nmethod 0x00000234a5645c90
Event: 6703.724 Thread 0x00000234a158ebe0 flushing  nmethod 0x00000234a5677110
Event: 6703.724 Thread 0x00000234a158ebe0 flushing  nmethod 0x00000234a5678010
Event: 6703.724 Thread 0x00000234a158ebe0 flushing  nmethod 0x00000234a567d590
Event: 6703.724 Thread 0x00000234a158ebe0 flushing  nmethod 0x00000234a56d1190
Event: 6703.724 Thread 0x00000234a158ebe0 flushing  nmethod 0x00000234a5772890
Event: 6703.724 Thread 0x00000234a158ebe0 flushing  nmethod 0x00000234a577b990
Event: 6703.724 Thread 0x00000234a158ebe0 flushing osr nmethod 0x00000234a577f890
Event: 6703.724 Thread 0x00000234a158ebe0 flushing  nmethod 0x00000234a578ae10
Event: 6703.724 Thread 0x00000234a158ebe0 flushing  nmethod 0x00000234a5792210
Event: 6703.724 Thread 0x00000234a158ebe0 flushing  nmethod 0x00000234a5e90d10
Event: 6703.724 Thread 0x00000234a158ebe0 flushing  nmethod 0x00000234a5eeee10
Event: 6703.724 Thread 0x00000234a158ebe0 flushing  nmethod 0x00000234a5f26e90
Event: 6703.724 Thread 0x00000234a158ebe0 flushing  nmethod 0x00000234a6767a90
Event: 6703.724 Thread 0x00000234a158ebe0 flushing  nmethod 0x00000234a6767f90
Event: 6703.724 Thread 0x00000234a158ebe0 flushing  nmethod 0x00000234a6770b10
Event: 6703.724 Thread 0x00000234a158ebe0 flushing  nmethod 0x00000234a6772c10
Event: 6703.724 Thread 0x00000234a158ebe0 flushing  nmethod 0x00000234a6a65010

Events (20 events):
Event: 10006.297 Thread 0x000002348630ec40 Thread added: 0x000002348630df20
Event: 10006.302 Thread 0x000002348630df20 Thread added: 0x000002348630e5b0
Event: 10006.304 Thread 0x000002348630e5b0 Thread added: 0x000002348630be50
Event: 10006.863 Thread 0x0000023485fd8230 Thread added: 0x0000023486310680
Event: 10007.134 Thread 0x000002348630be50 Thread added: 0x000002348630f960
Event: 10007.684 Thread 0x000002348630be50 Thread added: 0x0000023486311a30
Event: 10008.868 Thread 0x00000234a159e5a0 Thread added: 0x000002349112cac0
Event: 10008.904 Thread 0x000002348630e5b0 Thread added: 0x000002348630fff0
Event: 10013.905 Thread 0x000002349112cac0 Thread exited: 0x000002349112cac0
Event: 10067.962 Thread 0x0000023486311a30 Thread exited: 0x0000023486311a30
Event: 10068.005 Thread 0x0000023486310680 Thread exited: 0x0000023486310680
Event: 10068.907 Thread 0x000002348630e5b0 Thread exited: 0x000002348630e5b0
Event: 10068.919 Thread 0x000002348630df20 Thread exited: 0x000002348630df20
Event: 10068.920 Thread 0x000002348630ec40 Thread exited: 0x000002348630ec40
Event: 10188.937 Thread 0x000002348630fff0 Thread exited: 0x000002348630fff0
Event: 10306.579 Thread 0x000002348630b7c0 Thread added: 0x000002348630df20
Event: 10306.588 Thread 0x000002348630df20 Thread exited: 0x000002348630df20
Event: 10306.633 Thread 0x000002348630b7c0 Thread added: 0x000002348630df20
Event: 10306.634 Thread 0x000002348630df20 Thread exited: 0x000002348630df20
Event: 10307.145 Thread 0x000002348630f960 Thread exited: 0x000002348630f960


Dynamic libraries:
0x00007ff671530000 - 0x00007ff67153e000 	c:\Users\kanna\.vscode\extensions\redhat.java-1.53.0-win32-x64\jre\21.0.10-win32-x86_64\bin\java.exe
0x00007ffd92860000 - 0x00007ffd92ac7000 	C:\WINDOWS\SYSTEM32\ntdll.dll
0x00007ffd91090000 - 0x00007ffd91159000 	C:\WINDOWS\System32\KERNEL32.DLL
0x00007ffd90140000 - 0x00007ffd90531000 	C:\WINDOWS\System32\KERNELBASE.dll
0x00007ffd8fcc0000 - 0x00007ffd8fe0b000 	C:\WINDOWS\System32\ucrtbase.dll
0x00007ffd6b050000 - 0x00007ffd6b068000 	c:\Users\kanna\.vscode\extensions\redhat.java-1.53.0-win32-x64\jre\21.0.10-win32-x86_64\bin\jli.dll
0x00007ffd61670000 - 0x00007ffd6168e000 	c:\Users\kanna\.vscode\extensions\redhat.java-1.53.0-win32-x64\jre\21.0.10-win32-x86_64\bin\VCRUNTIME140.dll
0x00007ffd90d00000 - 0x00007ffd90ec5000 	C:\WINDOWS\System32\USER32.dll
0x00007ffd8f9b0000 - 0x00007ffd8f9d7000 	C:\WINDOWS\System32\win32u.dll
0x00007ffd92740000 - 0x00007ffd9276b000 	C:\WINDOWS\System32\GDI32.dll
0x00007ffd8fe10000 - 0x00007ffd8ff3b000 	C:\WINDOWS\System32\gdi32full.dll
0x00007ffd8f9e0000 - 0x00007ffd8fa83000 	C:\WINDOWS\System32\msvcp_win.dll
0x00007ffd7c0a0000 - 0x00007ffd7c333000 	C:\WINDOWS\WinSxS\amd64_microsoft.windows.common-controls_6595b64144ccf1df_6.0.26100.8037_none_3e092faae333b53b\COMCTL32.dll
0x00007ffd92050000 - 0x00007ffd920f9000 	C:\WINDOWS\System32\msvcrt.dll
0x00007ffd92770000 - 0x00007ffd927a1000 	C:\WINDOWS\System32\IMM32.DLL
0x00007ffd8c340000 - 0x00007ffd8c34c000 	c:\Users\kanna\.vscode\extensions\redhat.java-1.53.0-win32-x64\jre\21.0.10-win32-x86_64\bin\vcruntime140_1.dll
0x00007ffcef550000 - 0x00007ffcef5dd000 	c:\Users\kanna\.vscode\extensions\redhat.java-1.53.0-win32-x64\jre\21.0.10-win32-x86_64\bin\msvcp140.dll
0x00007ffcca0a0000 - 0x00007ffccae41000 	c:\Users\kanna\.vscode\extensions\redhat.java-1.53.0-win32-x64\jre\21.0.10-win32-x86_64\bin\server\jvm.dll
0x00007ffd91160000 - 0x00007ffd9121b000 	C:\WINDOWS\System32\ADVAPI32.dll
0x00007ffd91410000 - 0x00007ffd914b7000 	C:\WINDOWS\System32\sechost.dll
0x00007ffd90f70000 - 0x00007ffd91088000 	C:\WINDOWS\System32\RPCRT4.dll
0x00007ffd92200000 - 0x00007ffd92274000 	C:\WINDOWS\System32\WS2_32.dll
0x00007ffd86340000 - 0x00007ffd86375000 	C:\WINDOWS\SYSTEM32\WINMM.dll
0x00007ffd87aa0000 - 0x00007ffd87aab000 	C:\WINDOWS\SYSTEM32\VERSION.dll
0x00007ffd8efa0000 - 0x00007ffd8effe000 	C:\WINDOWS\SYSTEM32\POWRPROF.dll
0x00007ffd8ef80000 - 0x00007ffd8ef94000 	C:\WINDOWS\SYSTEM32\UMPDC.dll
0x00007ffd8ded0000 - 0x00007ffd8deeb000 	C:\WINDOWS\SYSTEM32\kernel.appcore.dll
0x00007ffd89640000 - 0x00007ffd8964a000 	c:\Users\kanna\.vscode\extensions\redhat.java-1.53.0-win32-x64\jre\21.0.10-win32-x86_64\bin\jimage.dll
0x00007ffd8d0e0000 - 0x00007ffd8d322000 	C:\WINDOWS\SYSTEM32\DBGHELP.DLL
0x00007ffd90870000 - 0x00007ffd90bf2000 	C:\WINDOWS\System32\combase.dll
0x00007ffd91320000 - 0x00007ffd913f7000 	C:\WINDOWS\System32\OLEAUT32.dll
0x00007ffd68d70000 - 0x00007ffd68dab000 	C:\WINDOWS\SYSTEM32\dbgcore.DLL
0x00007ffd8fa90000 - 0x00007ffd8fb35000 	C:\WINDOWS\System32\bcryptPrimitives.dll
0x00007ffd7c960000 - 0x00007ffd7c96f000 	c:\Users\kanna\.vscode\extensions\redhat.java-1.53.0-win32-x64\jre\21.0.10-win32-x86_64\bin\instrument.dll
0x00007ffd61610000 - 0x00007ffd61630000 	c:\Users\kanna\.vscode\extensions\redhat.java-1.53.0-win32-x64\jre\21.0.10-win32-x86_64\bin\java.dll
0x00007ffd91730000 - 0x00007ffd91e8f000 	C:\WINDOWS\System32\SHELL32.dll
0x00007ffd8ffd0000 - 0x00007ffd9013a000 	C:\WINDOWS\System32\wintypes.dll
0x00007ffd8f140000 - 0x00007ffd8f9a4000 	C:\WINDOWS\System32\windows.storage.dll
0x00007ffd92100000 - 0x00007ffd921f7000 	C:\WINDOWS\System32\SHCORE.dll
0x00007ffd927b0000 - 0x00007ffd92817000 	C:\WINDOWS\System32\shlwapi.dll
0x00007ffd8f060000 - 0x00007ffd8f089000 	C:\WINDOWS\SYSTEM32\profapi.dll
0x00007ffd41c80000 - 0x00007ffd41c98000 	c:\Users\kanna\.vscode\extensions\redhat.java-1.53.0-win32-x64\jre\21.0.10-win32-x86_64\bin\zip.dll
0x00007ffd7c930000 - 0x00007ffd7c940000 	C:\Users\kanna\.vscode\extensions\redhat.java-1.53.0-win32-x64\jre\21.0.10-win32-x86_64\bin\net.dll
0x00007ffd88b20000 - 0x00007ffd88c47000 	C:\WINDOWS\SYSTEM32\WINHTTP.dll
0x00007ffd8e440000 - 0x00007ffd8e4ab000 	C:\WINDOWS\system32\mswsock.dll
0x00007ffd77e40000 - 0x00007ffd77e56000 	C:\Users\kanna\.vscode\extensions\redhat.java-1.53.0-win32-x64\jre\21.0.10-win32-x86_64\bin\nio.dll
0x00007ffd71f40000 - 0x00007ffd71f50000 	c:\Users\kanna\.vscode\extensions\redhat.java-1.53.0-win32-x64\jre\21.0.10-win32-x86_64\bin\verify.dll
0x00007ffd3a320000 - 0x00007ffd3a365000 	C:\Users\kanna\AppData\Roaming\Code\User\globalStorage\redhat.java\1.53.0\config_win\org.eclipse.equinox.launcher\org.eclipse.equinox.launcher.win32.win32.x86_64_1.3.0.v20260203-2149\eclipse_11919.dll
0x00007ffd90610000 - 0x00007ffd907a5000 	C:\WINDOWS\System32\ole32.dll
0x00007ffd8e720000 - 0x00007ffd8e73b000 	C:\WINDOWS\SYSTEM32\CRYPTSP.dll
0x00007ffd8de30000 - 0x00007ffd8de69000 	C:\WINDOWS\system32\rsaenh.dll
0x00007ffd8e4f0000 - 0x00007ffd8e522000 	C:\WINDOWS\SYSTEM32\USERENV.dll
0x00007ffd8f030000 - 0x00007ffd8f05a000 	C:\WINDOWS\SYSTEM32\bcrypt.dll
0x00007ffd8e740000 - 0x00007ffd8e74c000 	C:\WINDOWS\SYSTEM32\CRYPTBASE.dll
0x00007ffd8d8f0000 - 0x00007ffd8d923000 	C:\WINDOWS\SYSTEM32\IPHLPAPI.DLL
0x00007ffd914c0000 - 0x00007ffd914ca000 	C:\WINDOWS\System32\NSI.dll
0x00007ffd1cd80000 - 0x00007ffd1cdc9000 	C:\Users\kanna\AppData\Local\Temp\jna-101815691\jna17423500742521479333.dll
0x00007ffd91400000 - 0x00007ffd91408000 	C:\WINDOWS\System32\PSAPI.DLL
0x00007ffd89e20000 - 0x00007ffd89e3d000 	C:\WINDOWS\SYSTEM32\dhcpcsvc6.DLL
0x00007ffd89df0000 - 0x00007ffd89e13000 	C:\WINDOWS\SYSTEM32\dhcpcsvc.DLL
0x00007ffd8dff0000 - 0x00007ffd8e026000 	C:\WINDOWS\SYSTEM32\ntmarta.dll

JVMTI agents:
c:\Users\kanna\.vscode\extensions\redhat.java-1.53.0-win32-x64\lombok\lombok-1.18.39-4050.jar path:c:\Users\kanna\.vscode\extensions\redhat.java-1.53.0-win32-x64\jre\21.0.10-win32-x86_64\bin\instrument.dll, loaded, initialized, instrumentlib options:none

dbghelp: loaded successfully - version: 4.0.5 - missing functions: none
symbol engine: initialized successfully - sym options: 0x614 - pdb path: .;c:\Users\kanna\.vscode\extensions\redhat.java-1.53.0-win32-x64\jre\21.0.10-win32-x86_64\bin;C:\WINDOWS\SYSTEM32;C:\WINDOWS\WinSxS\amd64_microsoft.windows.common-controls_6595b64144ccf1df_6.0.26100.8037_none_3e092faae333b53b;c:\Users\kanna\.vscode\extensions\redhat.java-1.53.0-win32-x64\jre\21.0.10-win32-x86_64\bin\server;C:\Users\kanna\AppData\Roaming\Code\User\globalStorage\redhat.java\1.53.0\config_win\org.eclipse.equinox.launcher\org.eclipse.equinox.launcher.win32.win32.x86_64_1.3.0.v20260203-2149;C:\Users\kanna\AppData\Local\Temp\jna-101815691

VM Arguments:
jvm_args: --add-modules=ALL-SYSTEM --add-opens=java.base/java.util=ALL-UNNAMED --add-opens=java.base/java.lang=ALL-UNNAMED --add-opens=java.base/sun.nio.fs=ALL-UNNAMED -Declipse.application=org.eclipse.jdt.ls.core.id1 -Dosgi.bundles.defaultStartLevel=4 -Declipse.product=org.eclipse.jdt.ls.core.product -Djava.import.generatesMetadataFilesAtProjectRoot=false -DDetectVMInstallationsJob.disabled=true -Dfile.encoding=utf8 -XX:+UseParallelGC -XX:GCTimeRatio=4 -XX:AdaptiveSizePolicyWeight=90 -Dsun.zip.disableMemoryMapping=true -Xmx2G -Xms100m -Xlog:disable -javaagent:c:\Users\kanna\.vscode\extensions\redhat.java-1.53.0-win32-x64\lombok\lombok-1.18.39-4050.jar -XX:+HeapDumpOnOutOfMemoryError -XX:HeapDumpPath=c:\Users\kanna\AppData\Roaming\Code\User\workspaceStorage\d4b4fd424b526d350cee4dae7ca5fa8c\redhat.java -Daether.dependencyCollector.impl=bf 
java_command: c:\Users\kanna\.vscode\extensions\redhat.java-1.53.0-win32-x64\server\plugins\org.eclipse.equinox.launcher_1.7.100.v20251111-0406.jar -configuration c:\Users\kanna\AppData\Roaming\Code\User\globalStorage\redhat.java\1.53.0\config_win -data c:\Users\kanna\AppData\Roaming\Code\User\workspaceStorage\d4b4fd424b526d350cee4dae7ca5fa8c\redhat.java\jdt_ws --pipe=\\.\pipe\lsp-54505a68904af64ca37f135cb9988717-sock
java_class_path (initial): c:\Users\kanna\.vscode\extensions\redhat.java-1.53.0-win32-x64\server\plugins\org.eclipse.equinox.launcher_1.7.100.v20251111-0406.jar
Launcher Type: SUN_STANDARD

[Global flags]
    uintx AdaptiveSizePolicyWeight                 = 90                                        {product} {command line}
     intx CICompilerCount                          = 4                                         {product} {ergonomic}
    uintx GCTimeRatio                              = 4                                         {product} {command line}
     bool HeapDumpOnOutOfMemoryError               = true                                   {manageable} {command line}
    ccstr HeapDumpPath                             = c:\Users\kanna\AppData\Roaming\Code\User\workspaceStorage\d4b4fd424b526d350cee4dae7ca5fa8c\redhat.java         {manageable} {command line}
   size_t InitialHeapSize                          = 104857600                                 {product} {command line}
   size_t MaxHeapSize                              = 2147483648                                {product} {command line}
   size_t MaxNewSize                               = 715653120                                 {product} {ergonomic}
   size_t MinHeapDeltaBytes                        = 524288                                    {product} {ergonomic}
   size_t MinHeapSize                              = 104857600                                 {product} {command line}
   size_t NewSize                                  = 34603008                                  {product} {ergonomic}
    uintx NonNMethodCodeHeapSize                   = 5839372                                {pd product} {ergonomic}
    uintx NonProfiledCodeHeapSize                  = 122909434                              {pd product} {ergonomic}
   size_t OldSize                                  = 70254592                                  {product} {ergonomic}
    uintx ProfiledCodeHeapSize                     = 122909434                              {pd product} {ergonomic}
    uintx ReservedCodeCacheSize                    = 251658240                              {pd product} {ergonomic}
     bool SegmentedCodeCache                       = true                                      {product} {ergonomic}
   size_t SoftMaxHeapSize                          = 2147483648                             {manageable} {ergonomic}
     bool UseCompressedOops                        = true                           {product lp64_product} {ergonomic}
     bool UseLargePagesIndividualAllocation        = false                                  {pd product} {ergonomic}
     bool UseParallelGC                            = true                                      {product} {command line}

Logging:
Log output configuration:
 #0: stdout all=off uptime,level,tags foldmultilines=false
 #1: stderr all=off uptime,level,tags foldmultilines=false

Release file:
JAVA_VERSION="21.0.10" 
MODULES="java.base java.compiler java.datatransfer java.xml java.prefs java.desktop java.instrument java.logging java.management java.security.sasl java.naming java.rmi java.management.rmi java.net.http java.scripting java.security.jgss java.transaction.xa java.sql java.sql.rowset java.xml.crypto java.se java.smartcardio jdk.accessibility jdk.internal.jvmstat jdk.attach jdk.charsets jdk.internal.opt jdk.zipfs jdk.compiler jdk.crypto.ec jdk.crypto.cryptoki jdk.crypto.mscapi jdk.dynalink jdk.internal.ed jdk.editpad jdk.hotspot.agent jdk.httpserver jdk.internal.le jdk.internal.vm.ci jdk.internal.vm.compiler jdk.internal.vm.compiler.management jdk.jartool jdk.javadoc jdk.jcmd jdk.management jdk.management.agent jdk.jconsole jdk.jdeps jdk.jdwp.agent jdk.jdi jdk.jfr jdk.jshell jdk.jsobject jdk.jstatd jdk.localedata jdk.management.jfr jdk.naming.dns jdk.naming.rmi jdk.net jdk.nio.mapmode jdk.random jdk.sctp jdk.security.auth jdk.security.jgss jdk.unsupported jdk.unsupported.desktop jdk.xml.dom" 

Environment Variables:
JAVA_HOME=C:\Program Files\Eclipse Adoptium\jdk-17.0.14.7-hotspot
PATH=C:\Users\kanna\AppData\Local\Programs\Microsoft VS Code;C:\Program Files\Eclipse Adoptium\jdk-17.0.14.7-hotspot\bin;C:\Program Files\Eclipse Adoptium\jdk-17.0.14.7-hotspot\bin;C:\windows\system32;C:\windows;C:\windows\System32\Wbem;C:\windows\System32\WindowsPowerShell\v1.0\;C:\windows\System32\OpenSSH\;C:\Program Files (x86)\NVIDIA Corporation\PhysX\Common;C:\Program Files\NVIDIA Corporation\NVIDIA NvDLISR;C:\Users\Administrator\AppData\Local\Microsoft\WindowsApps;C:\Program Files\HP\OMEN-Broadcast\Common;C:\Program Files\HP\HP One Agent;C:\Program Files\nodejs\;C:\Program Files (x86)\Microsoft SQL Server\160\Tools\Binn\;C:\Program Files\Microsoft SQL Server\160\Tools\Binn\;C:\Program Files\Microsoft SQL Server\Client SDK\ODBC\170\Tools\Binn\;C:\Program Files\Microsoft SQL Server\160\DTS\Binn\;C:\Program Files\MySQL\MySQL Server 8.0\bin;C:\Program Files\apache-maven-3.9.9\bin;C:\Users\kanna\AppData\Local\Android\Sdk\platform-tools;C:\ProgramData\chocolatey\bin;C:\WINDOWS\system32;C:\WINDOWS;C:\WINDOWS\System32\Wbem;C:\WINDOWS\System32\WindowsPowerShell\v1.0\;C:\WINDOWS\System32\OpenSSH\;C:\Program Files\Git\cmd;C:\Program Files\cursor\resources\app\bin;C:\Users\kanna\AppData\Local\Android\Sdk\tools;C:\Users\kanna\AppData\Local\Programs\Python\Python313\Scripts\;C:\Users\kanna\AppData\Local\Programs\Python\Python313\;C:\Users\kanna\AppData\Local\Programs\Python\Launcher\;C:\Users\kanna\AppData\Local\Microsoft\WindowsApps;C:\Users\kanna\AppData\Local\Programs\Microsoft VS Code\bin;C:\Users\kanna\AppData\Roaming\npm;C:\flutter\bin;
USERNAME=kanna
OS=Windows_NT
PROCESSOR_IDENTIFIER=AMD64 Family 25 Model 68 Stepping 1, AuthenticAMD
TMP=C:\Users\kanna\AppData\Local\Temp
TEMP=C:\Users\kanna\AppData\Local\Temp




Periodic native trim disabled

---------------  S Y S T E M  ---------------

OS:
 Windows 11 , 64 bit Build 26100 (10.0.26100.7920)
OS uptime: 2 days 5:28 hours
Hyper-V role detected

CPU: total 12 (initial active 12) (12 cores per cpu, 2 threads per core) family 25 model 68 stepping 1 microcode 0xa404107, cx8, cmov, fxsr, ht, mmx, 3dnowpref, sse, sse2, sse3, ssse3, sse4a, sse4.1, sse4.2, popcnt, lzcnt, tsc, tscinvbit, avx, avx2, aes, erms, clmul, bmi1, bmi2, adx, sha, fma, vzeroupper, clflush, clflushopt, hv, rdtscp, rdpid, fsrm, f16c, cet_ss
Processor Information for processor 0
  Max Mhz: 3301, Current Mhz: 2635, Mhz Limit: 3301
Processor Information for processor 1
  Max Mhz: 3301, Current Mhz: 2635, Mhz Limit: 3301
Processor Information for processor 2
  Max Mhz: 3301, Current Mhz: 3301, Mhz Limit: 3301
Processor Information for processor 3
  Max Mhz: 3301, Current Mhz: 3301, Mhz Limit: 3301
Processor Information for processor 4
  Max Mhz: 3301, Current Mhz: 3301, Mhz Limit: 3301
Processor Information for processor 5
  Max Mhz: 3301, Current Mhz: 3301, Mhz Limit: 3301
Processor Information for processor 6
  Max Mhz: 3301, Current Mhz: 3301, Mhz Limit: 3301
Processor Information for processor 7
  Max Mhz: 3301, Current Mhz: 3301, Mhz Limit: 3301
Processor Information for processor 8
  Max Mhz: 3301, Current Mhz: 3301, Mhz Limit: 3301
Processor Information for processor 9
  Max Mhz: 3301, Current Mhz: 3301, Mhz Limit: 3301
Processor Information for processor 10
  Max Mhz: 3301, Current Mhz: 3301, Mhz Limit: 3301
Processor Information for processor 11
  Max Mhz: 3301, Current Mhz: 3301, Mhz Limit: 3301

Memory: 4k page, system-wide physical 7381M (271M free)
TotalPageFile size 29909M (AvailPageFile size 1M)
current process WorkingSet (physical memory assigned to process): 8M, peak: 501M
current process commit charge ("private bytes"): 844M, peak: 862M

vm_info: OpenJDK 64-Bit Server VM (21.0.10+7-LTS) for windows-amd64 JRE (21.0.10+7-LTS), built on 2026-01-20T00:00:00Z by "admin" with MS VC++ 17.12 (VS2022)

END.
